#
# There is insufficient memory for the Java Runtime Environment to continue.
# Native memory allocation (malloc) failed to allocate 1052096 bytes for Chunk::new
# Possible reasons:
#   The system is out of physical RAM or swap space
#   The process is running with CompressedOops enabled, and the Java Heap may be blocking the growth of the native heap
# Possible solutions:
#   Reduce memory load on the system
#   Increase physical memory or swap space
#   Check if swap backing store is full
#   Decrease Java heap size (-Xmx/-Xms)
#   Decrease number of Java threads
#   Decrease Java thread stack sizes (-Xss)
#   Set larger code cache with -XX:ReservedCodeCacheSize=
#   JVM is running with Unscaled Compressed Oops mode in which the Java heap is
#     placed in the first 4GB address space. The Java Heap base address is the
#     maximum limit for the native heap growth. Please use -XX:HeapBaseMinAddress
#     to set the Java Heap base and to place the Java Heap above 4GB virtual address.
# This output file may be truncated or incomplete.
#
#  Out of Memory Error (arena.cpp:168), pid=17088, tid=10052
#
# JRE version: Java(TM) SE Runtime Environment (21.0.8+12) (build 21.0.8+12-LTS-250)
# Java VM: Java HotSpot(TM) 64-Bit Server VM (21.0.8+12-LTS-250, mixed mode, sharing, tiered, compressed oops, compressed class ptrs, g1 gc, windows-amd64)
# No core dump will be written. Minidumps are not enabled by default on client versions of Windows
#

---------------  S U M M A R Y ------------

Command Line: -Xmx64m -Xms64m -javaagent:C:\Program Files\gradle-9.1.0/lib/agents/gradle-instrumentation-agent-9.1.0.jar -Dorg.gradle.appname=gradle C:\Program Files\gradle-9.1.0\lib\gradle-gradle-cli-main-9.1.0.jar bootRun

Host: AMD Ryzen 3 5300U with Radeon Graphics         , 8 cores, 5G,  Windows 11 , 64 bit Build 26100 (10.0.26100.6725)
Time: Mon Nov 17 10:21:53 2025 Hora est. Pacífico, Sudamérica elapsed time: 32468.142309 seconds (0d 9h 1m 8s)

---------------  T H R E A D  ---------------

Current thread (0x000002a468f61b50):  JavaThread "C2 CompilerThread0" daemon [_thread_in_native, id=10052, stack(0x000000b64a000000,0x000000b64a100000) (1024K)]


Current CompileTask:
C2:32468142 2150       4       org.gradle.internal.logging.console.BuildStatusRenderer::onOutput (350 bytes)

Stack: [0x000000b64a000000,0x000000b64a100000]
Native frames: (J=compiled Java code, j=interpreted, Vv=VM code, C=native code)
V  [jvm.dll+0x6cc179]
V  [jvm.dll+0x8584c1]
V  [jvm.dll+0x85a9ee]
V  [jvm.dll+0x85b0c3]
V  [jvm.dll+0x27ebf6]
V  [jvm.dll+0xc4f4d]
V  [jvm.dll+0xc5483]
V  [jvm.dll+0x2f209d]
V  [jvm.dll+0x5f6daa]
V  [jvm.dll+0x250702]
V  [jvm.dll+0x250abf]
V  [jvm.dll+0x2495dc]
V  [jvm.dll+0x246b44]
V  [jvm.dll+0x1c7a3e]
V  [jvm.dll+0x256359]
V  [jvm.dll+0x2548ea]
V  [jvm.dll+0x3efef6]
V  [jvm.dll+0x80279b]
V  [jvm.dll+0x6ca85d]
C  [ucrtbase.dll+0x37b0]
C  [KERNEL32.DLL+0x2e8d7]
C  [ntdll.dll+0x8c53c]


---------------  P R O C E S S  ---------------

Threads class SMR info:
_java_thread_list=0x000002a46e584910, length=12, elements={
0x000002a44ca473d0, 0x000002a468f427a0, 0x000002a44ed9d990, 0x000002a468f4a610,
0x000002a468f4cf00, 0x000002a468f4e280, 0x000002a468f5aa30, 0x000002a468f61b50,
0x000002a468f638d0, 0x000002a469198580, 0x000002a469197860, 0x000002a469196b40
}

Java Threads: ( => current thread )
  0x000002a44ca473d0 JavaThread "main"                              [_thread_in_native, id=22648, stack(0x000000b649200000,0x000000b649300000) (1024K)]
  0x000002a468f427a0 JavaThread "Reference Handler"          daemon [_thread_blocked, id=19912, stack(0x000000b649a00000,0x000000b649b00000) (1024K)]
  0x000002a44ed9d990 JavaThread "Finalizer"                  daemon [_thread_blocked, id=23244, stack(0x000000b649b00000,0x000000b649c00000) (1024K)]
  0x000002a468f4a610 JavaThread "Signal Dispatcher"          daemon [_thread_blocked, id=10204, stack(0x000000b649c00000,0x000000b649d00000) (1024K)]
  0x000002a468f4cf00 JavaThread "Attach Listener"            daemon [_thread_blocked, id=8956, stack(0x000000b649d00000,0x000000b649e00000) (1024K)]
  0x000002a468f4e280 JavaThread "Service Thread"             daemon [_thread_blocked, id=7288, stack(0x000000b649e00000,0x000000b649f00000) (1024K)]
  0x000002a468f5aa30 JavaThread "Monitor Deflation Thread"   daemon [_thread_blocked, id=11188, stack(0x000000b649f00000,0x000000b64a000000) (1024K)]
=>0x000002a468f61b50 JavaThread "C2 CompilerThread0"         daemon [_thread_in_native, id=10052, stack(0x000000b64a000000,0x000000b64a100000) (1024K)]
  0x000002a468f638d0 JavaThread "C1 CompilerThread0"         daemon [_thread_blocked, id=24812, stack(0x000000b64a100000,0x000000b64a200000) (1024K)]
  0x000002a469198580 JavaThread "Common-Cleaner"             daemon [_thread_blocked, id=3772, stack(0x000000b64a200000,0x000000b64a300000) (1024K)]
  0x000002a469197860 JavaThread "Notification Thread"        daemon [_thread_blocked, id=22424, stack(0x000000b64a300000,0x000000b64a400000) (1024K)]
  0x000002a469196b40 JavaThread "pool-1-thread-1"                   [_thread_in_native, id=23756, stack(0x000000b64a500000,0x000000b64a600000) (1024K)]
Total: 12

Other Threads:
  0x000002a44ca1f5f0 VMThread "VM Thread"                           [id=24940, stack(0x000000b649900000,0x000000b649a00000) (1024K)]
  0x000002a468f3cbf0 WatcherThread "VM Periodic Task Thread"        [id=21808, stack(0x000000b649800000,0x000000b649900000) (1024K)]
  0x000002a44ca1fd30 WorkerThread "GC Thread#0"                     [id=23140, stack(0x000000b649300000,0x000000b649400000) (1024K)]
  0x000002a44ca1f990 WorkerThread "GC Thread#1"                     [id=22632, stack(0x000000b64a600000,0x000000b64a700000) (1024K)]
  0x000002a44ca1e3d0 WorkerThread "GC Thread#2"                     [id=23012, stack(0x000000b64a700000,0x000000b64a800000) (1024K)]
  0x000002a44ca1e770 WorkerThread "GC Thread#3"                     [id=20944, stack(0x000000b64a800000,0x000000b64a900000) (1024K)]
  0x000002a46e49b6f0 WorkerThread "GC Thread#4"                     [id=2224, stack(0x000000b64aa00000,0x000000b64ab00000) (1024K)]
  0x000002a46e49afb0 WorkerThread "GC Thread#5"                     [id=4796, stack(0x000000b64ab00000,0x000000b64ac00000) (1024K)]
  0x000002a46e49ccb0 WorkerThread "GC Thread#6"                     [id=13544, stack(0x000000b64ac00000,0x000000b64ad00000) (1024K)]
  0x000002a46e49b350 WorkerThread "GC Thread#7"                     [id=17908, stack(0x000000b64ad00000,0x000000b64ae00000) (1024K)]
  0x000002a44ecf7000 ConcurrentGCThread "G1 Main Marker"            [id=19344, stack(0x000000b649400000,0x000000b649500000) (1024K)]
  0x000002a44ca1f250 WorkerThread "G1 Conc#0"                       [id=18516, stack(0x000000b649500000,0x000000b649600000) (1024K)]
  0x000002a44ed6a940 ConcurrentGCThread "G1 Refine#0"               [id=21936, stack(0x000000b649600000,0x000000b649700000) (1024K)]
  0x000002a44ed6c360 ConcurrentGCThread "G1 Service"                [id=24380, stack(0x000000b649700000,0x000000b649800000) (1024K)]
Total: 14

Threads with active compile tasks:
C2 CompilerThread0  32468180 2150       4       org.gradle.internal.logging.console.BuildStatusRenderer::onOutput (350 bytes)
Total: 1

VM state: not at safepoint (normal execution)

VM Mutex/Monitor currently owned by a thread: None

Heap address: 0x00000000fc000000, size: 64 MB, Compressed Oops mode: 32-bit

CDS archive(s) mapped at: [0x000002a400000000-0x000002a400c90000-0x000002a400c90000), size 13172736, SharedBaseAddress: 0x000002a400000000, ArchiveRelocationMode: 1.
Compressed class space mapped at: 0x000002a401000000-0x000002a441000000, reserved size: 1073741824
Narrow klass base: 0x000002a400000000, Narrow klass shift: 0, Narrow klass range: 0x100000000

GC Precious Log:
 CardTable entry size: 512
 Card Set container configuration: InlinePtr #cards 5 size 8 Array Of Cards #cards 12 size 40 Howl #buckets 4 coarsen threshold 1843 Howl Bitmap #cards 512 size 80 coarsen threshold 460 Card regions per heap region 1 cards per card region 2048
 CPUs: 8 total, 8 available
 Memory: 6005M
 Large Page Support: Disabled
 NUMA Support: Disabled
 Compressed Oops: Enabled (32-bit)
 Heap Region Size: 1M
 Heap Min Capacity: 64M
 Heap Initial Capacity: 64M
 Heap Max Capacity: 64M
 Pre-touch: Disabled
 Parallel Workers: 8
 Concurrent Workers: 2
 Concurrent Refinement Workers: 8
 Periodic GC: Disabled

Heap:
 garbage-first heap   total 65536K, used 12219K [0x00000000fc000000, 0x0000000100000000)
  region size 1024K, 2 young (2048K), 1 survivors (1024K)
 Metaspace       used 9567K, committed 9856K, reserved 1114112K
  class space    used 1220K, committed 1344K, reserved 1048576K

Heap Regions: E=young(eden), S=young(survivor), O=old, HS=humongous(starts), HC=humongous(continues), CS=collection set, F=free, TAMS=top-at-mark-start, PB=parsable bottom
|   0|0x00000000fc000000, 0x00000000fc100000, 0x00000000fc100000|100%| O|  |TAMS 0x00000000fc000000| PB 0x00000000fc000000| Untracked 
|   1|0x00000000fc100000, 0x00000000fc200000, 0x00000000fc200000|100%| O|  |TAMS 0x00000000fc100000| PB 0x00000000fc100000| Untracked 
|   2|0x00000000fc200000, 0x00000000fc300000, 0x00000000fc300000|100%| O|  |TAMS 0x00000000fc200000| PB 0x00000000fc200000| Untracked 
|   3|0x00000000fc300000, 0x00000000fc400000, 0x00000000fc400000|100%|HS|  |TAMS 0x00000000fc300000| PB 0x00000000fc300000| Complete 
|   4|0x00000000fc400000, 0x00000000fc500000, 0x00000000fc500000|100%|HC|  |TAMS 0x00000000fc400000| PB 0x00000000fc400000| Complete 
|   5|0x00000000fc500000, 0x00000000fc600000, 0x00000000fc600000|100%|HC|  |TAMS 0x00000000fc500000| PB 0x00000000fc500000| Complete 
|   6|0x00000000fc600000, 0x00000000fc700000, 0x00000000fc700000|100%| O|  |TAMS 0x00000000fc600000| PB 0x00000000fc600000| Untracked 
|   7|0x00000000fc700000, 0x00000000fc800000, 0x00000000fc800000|100%| O|  |TAMS 0x00000000fc700000| PB 0x00000000fc700000| Untracked 
|   8|0x00000000fc800000, 0x00000000fc900000, 0x00000000fc900000|100%| O|  |TAMS 0x00000000fc800000| PB 0x00000000fc800000| Untracked 
|   9|0x00000000fc900000, 0x00000000fca00000, 0x00000000fca00000|100%| O|  |TAMS 0x00000000fc900000| PB 0x00000000fc900000| Untracked 
|  10|0x00000000fca00000, 0x00000000fcb00000, 0x00000000fcb00000|100%| O|  |TAMS 0x00000000fca00000| PB 0x00000000fca00000| Untracked 
|  11|0x00000000fcb00000, 0x00000000fcbd4300, 0x00000000fcc00000| 82%| O|  |TAMS 0x00000000fcb00000| PB 0x00000000fcb00000| Untracked 
|  12|0x00000000fcc00000, 0x00000000fcc00000, 0x00000000fcd00000|  0%| F|  |TAMS 0x00000000fcc00000| PB 0x00000000fcc00000| Untracked 
|  13|0x00000000fcd00000, 0x00000000fcd00000, 0x00000000fce00000|  0%| F|  |TAMS 0x00000000fcd00000| PB 0x00000000fcd00000| Untracked 
|  14|0x00000000fce00000, 0x00000000fce00000, 0x00000000fcf00000|  0%| F|  |TAMS 0x00000000fce00000| PB 0x00000000fce00000| Untracked 
|  15|0x00000000fcf00000, 0x00000000fcf00000, 0x00000000fd000000|  0%| F|  |TAMS 0x00000000fcf00000| PB 0x00000000fcf00000| Untracked 
|  16|0x00000000fd000000, 0x00000000fd000000, 0x00000000fd100000|  0%| F|  |TAMS 0x00000000fd000000| PB 0x00000000fd000000| Untracked 
|  17|0x00000000fd100000, 0x00000000fd100000, 0x00000000fd200000|  0%| F|  |TAMS 0x00000000fd100000| PB 0x00000000fd100000| Untracked 
|  18|0x00000000fd200000, 0x00000000fd200000, 0x00000000fd300000|  0%| F|  |TAMS 0x00000000fd200000| PB 0x00000000fd200000| Untracked 
|  19|0x00000000fd300000, 0x00000000fd300000, 0x00000000fd400000|  0%| F|  |TAMS 0x00000000fd300000| PB 0x00000000fd300000| Untracked 
|  20|0x00000000fd400000, 0x00000000fd400000, 0x00000000fd500000|  0%| F|  |TAMS 0x00000000fd400000| PB 0x00000000fd400000| Untracked 
|  21|0x00000000fd500000, 0x00000000fd500000, 0x00000000fd600000|  0%| F|  |TAMS 0x00000000fd500000| PB 0x00000000fd500000| Untracked 
|  22|0x00000000fd600000, 0x00000000fd600000, 0x00000000fd700000|  0%| F|  |TAMS 0x00000000fd600000| PB 0x00000000fd600000| Untracked 
|  23|0x00000000fd700000, 0x00000000fd700000, 0x00000000fd800000|  0%| F|  |TAMS 0x00000000fd700000| PB 0x00000000fd700000| Untracked 
|  24|0x00000000fd800000, 0x00000000fd800000, 0x00000000fd900000|  0%| F|  |TAMS 0x00000000fd800000| PB 0x00000000fd800000| Untracked 
|  25|0x00000000fd900000, 0x00000000fd900000, 0x00000000fda00000|  0%| F|  |TAMS 0x00000000fd900000| PB 0x00000000fd900000| Untracked 
|  26|0x00000000fda00000, 0x00000000fda00000, 0x00000000fdb00000|  0%| F|  |TAMS 0x00000000fda00000| PB 0x00000000fda00000| Untracked 
|  27|0x00000000fdb00000, 0x00000000fdb00000, 0x00000000fdc00000|  0%| F|  |TAMS 0x00000000fdb00000| PB 0x00000000fdb00000| Untracked 
|  28|0x00000000fdc00000, 0x00000000fdc00000, 0x00000000fdd00000|  0%| F|  |TAMS 0x00000000fdc00000| PB 0x00000000fdc00000| Untracked 
|  29|0x00000000fdd00000, 0x00000000fdd00000, 0x00000000fde00000|  0%| F|  |TAMS 0x00000000fdd00000| PB 0x00000000fdd00000| Untracked 
|  30|0x00000000fde00000, 0x00000000fde00000, 0x00000000fdf00000|  0%| F|  |TAMS 0x00000000fde00000| PB 0x00000000fde00000| Untracked 
|  31|0x00000000fdf00000, 0x00000000fdf00000, 0x00000000fe000000|  0%| F|  |TAMS 0x00000000fdf00000| PB 0x00000000fdf00000| Untracked 
|  32|0x00000000fe000000, 0x00000000fe000000, 0x00000000fe100000|  0%| F|  |TAMS 0x00000000fe000000| PB 0x00000000fe000000| Untracked 
|  33|0x00000000fe100000, 0x00000000fe100000, 0x00000000fe200000|  0%| F|  |TAMS 0x00000000fe100000| PB 0x00000000fe100000| Untracked 
|  34|0x00000000fe200000, 0x00000000fe200000, 0x00000000fe300000|  0%| F|  |TAMS 0x00000000fe200000| PB 0x00000000fe200000| Untracked 
|  35|0x00000000fe300000, 0x00000000fe300000, 0x00000000fe400000|  0%| F|  |TAMS 0x00000000fe300000| PB 0x00000000fe300000| Untracked 
|  36|0x00000000fe400000, 0x00000000fe400000, 0x00000000fe500000|  0%| F|  |TAMS 0x00000000fe400000| PB 0x00000000fe400000| Untracked 
|  37|0x00000000fe500000, 0x00000000fe500000, 0x00000000fe600000|  0%| F|  |TAMS 0x00000000fe500000| PB 0x00000000fe500000| Untracked 
|  38|0x00000000fe600000, 0x00000000fe600000, 0x00000000fe700000|  0%| F|  |TAMS 0x00000000fe600000| PB 0x00000000fe600000| Untracked 
|  39|0x00000000fe700000, 0x00000000fe700000, 0x00000000fe800000|  0%| F|  |TAMS 0x00000000fe700000| PB 0x00000000fe700000| Untracked 
|  40|0x00000000fe800000, 0x00000000fe800000, 0x00000000fe900000|  0%| F|  |TAMS 0x00000000fe800000| PB 0x00000000fe800000| Untracked 
|  41|0x00000000fe900000, 0x00000000fe900000, 0x00000000fea00000|  0%| F|  |TAMS 0x00000000fe900000| PB 0x00000000fe900000| Untracked 
|  42|0x00000000fea00000, 0x00000000fea00000, 0x00000000feb00000|  0%| F|  |TAMS 0x00000000fea00000| PB 0x00000000fea00000| Untracked 
|  43|0x00000000feb00000, 0x00000000feb00000, 0x00000000fec00000|  0%| F|  |TAMS 0x00000000feb00000| PB 0x00000000feb00000| Untracked 
|  44|0x00000000fec00000, 0x00000000fec00000, 0x00000000fed00000|  0%| F|  |TAMS 0x00000000fec00000| PB 0x00000000fec00000| Untracked 
|  45|0x00000000fed00000, 0x00000000fed00000, 0x00000000fee00000|  0%| F|  |TAMS 0x00000000fed00000| PB 0x00000000fed00000| Untracked 
|  46|0x00000000fee00000, 0x00000000fee00000, 0x00000000fef00000|  0%| F|  |TAMS 0x00000000fee00000| PB 0x00000000fee00000| Untracked 
|  47|0x00000000fef00000, 0x00000000fef00000, 0x00000000ff000000|  0%| F|  |TAMS 0x00000000fef00000| PB 0x00000000fef00000| Untracked 
|  48|0x00000000ff000000, 0x00000000ff000000, 0x00000000ff100000|  0%| F|  |TAMS 0x00000000ff000000| PB 0x00000000ff000000| Untracked 
|  49|0x00000000ff100000, 0x00000000ff100000, 0x00000000ff200000|  0%| F|  |TAMS 0x00000000ff100000| PB 0x00000000ff100000| Untracked 
|  50|0x00000000ff200000, 0x00000000ff200000, 0x00000000ff300000|  0%| F|  |TAMS 0x00000000ff200000| PB 0x00000000ff200000| Untracked 
|  51|0x00000000ff300000, 0x00000000ff300000, 0x00000000ff400000|  0%| F|  |TAMS 0x00000000ff300000| PB 0x00000000ff300000| Untracked 
|  52|0x00000000ff400000, 0x00000000ff400000, 0x00000000ff500000|  0%| F|  |TAMS 0x00000000ff400000| PB 0x00000000ff400000| Untracked 
|  53|0x00000000ff500000, 0x00000000ff500000, 0x00000000ff600000|  0%| F|  |TAMS 0x00000000ff500000| PB 0x00000000ff500000| Untracked 
|  54|0x00000000ff600000, 0x00000000ff600000, 0x00000000ff700000|  0%| F|  |TAMS 0x00000000ff600000| PB 0x00000000ff600000| Untracked 
|  55|0x00000000ff700000, 0x00000000ff700000, 0x00000000ff800000|  0%| F|  |TAMS 0x00000000ff700000| PB 0x00000000ff700000| Untracked 
|  56|0x00000000ff800000, 0x00000000ff800000, 0x00000000ff900000|  0%| F|  |TAMS 0x00000000ff800000| PB 0x00000000ff800000| Untracked 
|  57|0x00000000ff900000, 0x00000000ff900000, 0x00000000ffa00000|  0%| F|  |TAMS 0x00000000ff900000| PB 0x00000000ff900000| Untracked 
|  58|0x00000000ffa00000, 0x00000000ffa00000, 0x00000000ffb00000|  0%| F|  |TAMS 0x00000000ffa00000| PB 0x00000000ffa00000| Untracked 
|  59|0x00000000ffb00000, 0x00000000ffb00000, 0x00000000ffc00000|  0%| F|  |TAMS 0x00000000ffb00000| PB 0x00000000ffb00000| Untracked 
|  60|0x00000000ffc00000, 0x00000000ffc00000, 0x00000000ffd00000|  0%| F|  |TAMS 0x00000000ffc00000| PB 0x00000000ffc00000| Untracked 
|  61|0x00000000ffd00000, 0x00000000ffd1aaf0, 0x00000000ffe00000| 10%| S|CS|TAMS 0x00000000ffd00000| PB 0x00000000ffd00000| Complete 
|  62|0x00000000ffe00000, 0x00000000ffe00000, 0x00000000fff00000|  0%| F|  |TAMS 0x00000000ffe00000| PB 0x00000000ffe00000| Untracked 
|  63|0x00000000fff00000, 0x00000000fff653d0, 0x0000000100000000| 39%| E|  |TAMS 0x00000000fff00000| PB 0x00000000fff00000| Complete 

Card table byte_map: [0x000002a44ebd0000,0x000002a44ebf0000] _byte_map_base: 0x000002a44e3f0000

Marking Bits: (CMBitMap*) 0x000002a44ecf5f20
 Bits: [0x000002a4664a0000, 0x000002a4665a0000)

Polling page: 0x000002a44cc80000

Metaspace:

Usage:
  Non-class:      8.15 MB used.
      Class:      1.19 MB used.
       Both:      9.34 MB used.

Virtual space:
  Non-class space:       64.00 MB reserved,       8.31 MB ( 13%) committed,  1 nodes.
      Class space:        1.00 GB reserved,       1.31 MB ( <1%) committed,  1 nodes.
             Both:        1.06 GB reserved,       9.62 MB ( <1%) committed. 

Chunk freelists:
   Non-Class:  7.52 MB
       Class:  14.58 MB
        Both:  22.09 MB

MaxMetaspaceSize: unlimited
CompressedClassSpaceSize: 1.00 GB
Initial GC threshold: 21.00 MB
Current GC threshold: 21.00 MB
CDS: on
 - commit_granule_bytes: 65536.
 - commit_granule_words: 8192.
 - virtual_space_node_default_size: 8388608.
 - enlarge_chunks_in_place: 1.
 - use_allocation_guard: 0.


Internal statistics:

num_allocs_failed_limit: 0.
num_arena_births: 220.
num_arena_deaths: 0.
num_vsnodes_births: 2.
num_vsnodes_deaths: 0.
num_space_committed: 154.
num_space_uncommitted: 0.
num_chunks_returned_to_freelist: 0.
num_chunks_taken_from_freelist: 498.
num_chunk_merges: 0.
num_chunk_splits: 329.
num_chunks_enlarged: 230.
num_inconsistent_stats: 0.

CodeHeap 'non-profiled nmethods': size=120000Kb used=1185Kb max_used=1185Kb free=118814Kb
 bounds [0x000002a45ec40000, 0x000002a45eeb0000, 0x000002a466170000]
CodeHeap 'profiled nmethods': size=120000Kb used=3845Kb max_used=3845Kb free=116154Kb
 bounds [0x000002a457170000, 0x000002a457540000, 0x000002a45e6a0000]
CodeHeap 'non-nmethods': size=5760Kb used=1393Kb max_used=1434Kb free=4366Kb
 bounds [0x000002a45e6a0000, 0x000002a45e910000, 0x000002a45ec40000]
 total_blobs=2645 nmethods=2152 adapters=398
 compilation: enabled
              stopped_count=0, restarted_count=0
 full_count=0

Compilation events (20 events):
Event: 13157.535 Thread 0x000002a468f61b50 nmethod 2143 0x000002a45ed61e10 code [0x000002a45ed620e0, 0x000002a45ed62fe8]
Event: 13157.535 Thread 0x000002a468f61b50 2144   !   4       org.apache.commons.io.output.ProxyOutputStream::flush (17 bytes)
Event: 13157.550 Thread 0x000002a468f61b50 nmethod 2144 0x000002a45ed63b90 code [0x000002a45ed63e00, 0x000002a45ed647f0]
Event: 13157.551 Thread 0x000002a468f61b50 2145   !   4       java.io.PrintStream::flush (60 bytes)
Event: 13157.563 Thread 0x000002a468f61b50 nmethod 2145 0x000002a45ed64f90 code [0x000002a45ed651e0, 0x000002a45ed65af8]
Event: 13157.710 Thread 0x000002a468f61b50 2146       4       java.util.LinkedHashMap::values (5 bytes)
Event: 13157.713 Thread 0x000002a468f61b50 nmethod 2146 0x000002a45ed66210 code [0x000002a45ed663a0, 0x000002a45ed66470]
Event: 13157.713 Thread 0x000002a468f61b50 2147       4       java.util.LinkedHashMap$LinkedValues::iterator (16 bytes)
Event: 13157.716 Thread 0x000002a468f61b50 nmethod 2147 0x000002a45ed66590 code [0x000002a45ed66720, 0x000002a45ed66948]
Event: 13157.738 Thread 0x000002a468f61b50 2148       4       org.gradle.internal.logging.sink.GroupingProgressLogEventGenerator$OperationGroup::flushOutput (197 bytes)
Event: 13157.748 Thread 0x000002a468f61b50 nmethod 2148 0x000002a45ed66a90 code [0x000002a45ed66c40, 0x000002a45ed66fa8]
Event: 13157.830 Thread 0x000002a468f61b50 2149       4       org.gradle.internal.logging.sink.GroupingProgressLogEventGenerator::onUpdateNow (54 bytes)
Event: 13157.847 Thread 0x000002a468f61b50 nmethod 2149 0x000002a45ed67290 code [0x000002a45ed674a0, 0x000002a45ed67c58]
Event: 13158.362 Thread 0x000002a468f61b50 2150       4       org.gradle.internal.logging.console.BuildStatusRenderer::onOutput (350 bytes)
Event: 13161.202 Thread 0x000002a468f638d0 2157 % !   3       java.util.concurrent.ThreadPoolExecutor::runWorker @ 21 (187 bytes)
Event: 13161.555 Thread 0x000002a468f638d0 nmethod 2157% 0x000002a45752cb90 code [0x000002a45752cec0, 0x000002a45752e520]
Event: 13161.571 Thread 0x000002a468f638d0 2158   !   3       java.util.concurrent.ThreadPoolExecutor::runWorker (187 bytes)
Event: 13161.573 Thread 0x000002a468f638d0 nmethod 2158 0x000002a45752ee90 code [0x000002a45752f1c0, 0x000002a457530588]
Event: 13161.581 Thread 0x000002a468f638d0 2159       2       java.util.concurrent.ThreadPoolExecutor$Worker::tryRelease (12 bytes)
Event: 13161.582 Thread 0x000002a468f638d0 nmethod 2159 0x000002a457530d90 code [0x000002a457530f20, 0x000002a457531060]

GC Heap History (9 events):
Event: 0.962 GC heap before
{Heap before GC invocations=0 (full 0):
 garbage-first heap   total 65536K, used 22528K [0x00000000fc000000, 0x0000000100000000)
  region size 1024K, 23 young (23552K), 0 survivors (0K)
 Metaspace       used 1158K, committed 1280K, reserved 1114112K
  class space    used 76K, committed 128K, reserved 1048576K
}
Event: 0.967 GC heap after
{Heap after GC invocations=1 (full 0):
 garbage-first heap   total 65536K, used 5376K [0x00000000fc000000, 0x0000000100000000)
  region size 1024K, 3 young (3072K), 3 survivors (3072K)
 Metaspace       used 1158K, committed 1280K, reserved 1114112K
  class space    used 76K, committed 128K, reserved 1048576K
}
Event: 2.425 GC heap before
{Heap before GC invocations=1 (full 0):
 garbage-first heap   total 65536K, used 37120K [0x00000000fc000000, 0x0000000100000000)
  region size 1024K, 31 young (31744K), 3 survivors (3072K)
 Metaspace       used 8996K, committed 9344K, reserved 1114112K
  class space    used 1189K, committed 1344K, reserved 1048576K
}
Event: 2.433 GC heap after
{Heap after GC invocations=2 (full 0):
 garbage-first heap   total 65536K, used 12230K [0x00000000fc000000, 0x0000000100000000)
  region size 1024K, 4 young (4096K), 4 survivors (4096K)
 Metaspace       used 8996K, committed 9344K, reserved 1114112K
  class space    used 1189K, committed 1344K, reserved 1048576K
}
Event: 13157.641 GC heap before
{Heap before GC invocations=2 (full 0):
 garbage-first heap   total 65536K, used 40902K [0x00000000fc000000, 0x0000000100000000)
  region size 1024K, 32 young (32768K), 4 survivors (4096K)
 Metaspace       used 9564K, committed 9856K, reserved 1114112K
  class space    used 1220K, committed 1344K, reserved 1048576K
}
Event: 13157.705 GC heap after
{Heap after GC invocations=3 (full 0):
 garbage-first heap   total 65536K, used 12594K [0x00000000fc000000, 0x0000000100000000)
  region size 1024K, 1 young (1024K), 1 survivors (1024K)
 Metaspace       used 9564K, committed 9856K, reserved 1114112K
  class space    used 1220K, committed 1344K, reserved 1048576K
}
Event: 13161.733 GC heap before
{Heap before GC invocations=3 (full 0):
 garbage-first heap   total 65536K, used 44338K [0x00000000fc000000, 0x0000000100000000)
  region size 1024K, 32 young (32768K), 1 survivors (1024K)
 Metaspace       used 9567K, committed 9856K, reserved 1114112K
  class space    used 1220K, committed 1344K, reserved 1048576K
}
Event: 13162.654 GC heap after
{Heap after GC invocations=4 (full 0):
 garbage-first heap   total 65536K, used 12302K [0x00000000fc000000, 0x0000000100000000)
  region size 1024K, 1 young (1024K), 1 survivors (1024K)
 Metaspace       used 9567K, committed 9856K, reserved 1114112K
  class space    used 1220K, committed 1344K, reserved 1048576K
}
Event: 13162.784 GC heap before
{Heap before GC invocations=4 (full 0):
 garbage-first heap   total 65536K, used 14350K [0x00000000fc000000, 0x0000000100000000)
  region size 1024K, 3 young (3072K), 1 survivors (1024K)
 Metaspace       used 9567K, committed 9856K, reserved 1114112K
  class space    used 1220K, committed 1344K, reserved 1048576K
}

Dll operation events (15 events):
Event: 0.017 Loaded shared library C:\Program Files\Java\jdk-21\bin\java.dll
Event: 0.071 Loaded shared library C:\Program Files\Java\jdk-21\bin\jsvml.dll
Event: 0.144 Loaded shared library C:\Program Files\Java\jdk-21\bin\zip.dll
Event: 0.151 Loaded shared library C:\Program Files\Java\jdk-21\bin\instrument.dll
Event: 0.160 Loaded shared library C:\Program Files\Java\jdk-21\bin\net.dll
Event: 0.164 Loaded shared library C:\Program Files\Java\jdk-21\bin\nio.dll
Event: 0.170 Loaded shared library C:\Program Files\Java\jdk-21\bin\zip.dll
Event: 0.709 Loaded shared library C:\Program Files\Java\jdk-21\bin\jimage.dll
Event: 1.400 Loaded shared library C:\Program Files\Java\jdk-21\bin\management.dll
Event: 1.403 Loaded shared library C:\Program Files\Java\jdk-21\bin\management_ext.dll
Event: 1.471 Loaded shared library C:\Program Files\Java\jdk-21\bin\verify.dll
Event: 1.497 Loaded shared library C:\Users\Daniela\.gradle\native\1def1411415f61bf3af743bc5b6707747c0891f09f0c88961ee8f79bc544acac\windows-amd64\native-platform.dll
Event: 1.557 Loaded shared library C:\Users\Daniela\.gradle\native\jansi\1.18\windows64\jansi.dll
Event: 1.801 Loaded shared library C:\Program Files\Java\jdk-21\bin\extnet.dll
Event: 2.361 Loaded shared library C:\Program Files\Java\jdk-21\bin\sunmscapi.dll

Deoptimization events (20 events):
Event: 13152.581 Thread 0x000002a469196b40 Uncommon trap: trap_request=0xffffff45 fr.pc=0x000002a45ed24d64 relative=0x0000000000001224
Event: 13152.581 Thread 0x000002a469196b40 Uncommon trap: reason=unstable_if action=reinterpret pc=0x000002a45ed24d64 method=org.gradle.internal.logging.sink.GroupingProgressLogEventGenerator$OperationGroup.maybeFlushOutput(J)V @ 19 c2
Event: 13152.598 Thread 0x000002a469196b40 DEOPT PACKING pc=0x000002a45ed24d64 sp=0x000000b64a5ff2b0
Event: 13152.598 Thread 0x000002a469196b40 DEOPT UNPACKING pc=0x000002a45e6f46a2 sp=0x000000b64a5ff0f0 mode 2
Event: 13152.599 Thread 0x000002a469196b40 Uncommon trap: trap_request=0xffffff45 fr.pc=0x000002a45ed10bd4 relative=0x0000000000000414
Event: 13152.599 Thread 0x000002a469196b40 Uncommon trap: reason=unstable_if action=reinterpret pc=0x000002a45ed10bd4 method=org.gradle.internal.logging.console.MultiLineBuildProgressArea.redraw(Lorg/gradle/internal/logging/console/AnsiContext;)V @ 25 c2
Event: 13152.599 Thread 0x000002a469196b40 DEOPT PACKING pc=0x000002a45ed10bd4 sp=0x000000b64a5ff010
Event: 13152.599 Thread 0x000002a469196b40 DEOPT UNPACKING pc=0x000002a45e6f46a2 sp=0x000000b64a5fef98 mode 2
Event: 13152.688 Thread 0x000002a469196b40 Uncommon trap: trap_request=0xffffff45 fr.pc=0x000002a45ed095ec relative=0x000000000000072c
Event: 13152.689 Thread 0x000002a469196b40 Uncommon trap: reason=unstable_if action=reinterpret pc=0x000002a45ed095ec method=org.gradle.internal.logging.sink.GroupingProgressLogEventGenerator$OperationGroup.maybeFlushOutput(J)V @ 19 c2
Event: 13152.689 Thread 0x000002a469196b40 DEOPT PACKING pc=0x000002a45ed095ec sp=0x000000b64a5ff1c0
Event: 13152.689 Thread 0x000002a469196b40 DEOPT UNPACKING pc=0x000002a45e6f46a2 sp=0x000000b64a5ff100 mode 2
Event: 13157.708 Thread 0x000002a469198580 Uncommon trap: trap_request=0xffffff45 fr.pc=0x000002a45ed06294 relative=0x0000000000000074
Event: 13157.708 Thread 0x000002a469198580 Uncommon trap: reason=unstable_if action=reinterpret pc=0x000002a45ed06294 method=java.util.concurrent.locks.AbstractQueuedSynchronizer$ConditionObject.canReacquire(Ljava/util/concurrent/locks/AbstractQueuedSynchronizer$ConditionNode;)Z @ 10 c2
Event: 13157.708 Thread 0x000002a469198580 DEOPT PACKING pc=0x000002a45ed06294 sp=0x000000b64a2ff170
Event: 13157.708 Thread 0x000002a469198580 DEOPT UNPACKING pc=0x000002a45e6f46a2 sp=0x000000b64a2ff108 mode 2
Event: 13157.708 Thread 0x000002a469198580 Uncommon trap: trap_request=0xffffff45 fr.pc=0x000002a45ed39b40 relative=0x0000000000000200
Event: 13157.708 Thread 0x000002a469198580 Uncommon trap: reason=unstable_if action=reinterpret pc=0x000002a45ed39b40 method=java.util.concurrent.locks.AbstractQueuedSynchronizer.acquire(Ljava/util/concurrent/locks/AbstractQueuedSynchronizer$Node;IZZZJ)I @ 40 c2
Event: 13157.709 Thread 0x000002a469198580 DEOPT PACKING pc=0x000002a45ed39b40 sp=0x000000b64a2ff0f0
Event: 13157.709 Thread 0x000002a469198580 DEOPT UNPACKING pc=0x000002a45e6f46a2 sp=0x000000b64a2ff088 mode 2

Classes loaded (20 events):
Event: 2.418 Loading class sun/nio/ch/SelectionKeyImpl
Event: 2.419 Loading class java/nio/channels/spi/AbstractSelectionKey
Event: 2.419 Loading class java/nio/channels/SelectionKey
Event: 2.419 Loading class java/nio/channels/SelectionKey done
Event: 2.419 Loading class java/nio/channels/spi/AbstractSelectionKey done
Event: 2.419 Loading class sun/nio/ch/SelectionKeyImpl done
Event: 2.419 Loading class java/lang/invoke/ConstantBootstraps
Event: 2.420 Loading class java/lang/invoke/ConstantBootstraps done
Event: 2.444 Loading class java/nio/channels/spi/AbstractSelector$1
Event: 2.444 Loading class java/nio/channels/spi/AbstractSelector$1 done
Event: 2.486 Loading class java/util/concurrent/Executors$AutoShutdownDelegatedExecutorService
Event: 2.487 Loading class java/util/concurrent/Executors$AutoShutdownDelegatedExecutorService done
Event: 2.495 Loading class java/util/AbstractList$ListItr
Event: 2.496 Loading class java/util/AbstractList$ListItr done
Event: 4.718 Loading class java/lang/invoke/MethodHandle$1
Event: 4.718 Loading class java/lang/invoke/MethodHandle$1 done
Event: 13.063 Loading class jdk/internal/foreign/MemorySessionImpl
Event: 13.064 Loading class java/lang/foreign/MemorySegment$Scope
Event: 13.064 Loading class java/lang/foreign/MemorySegment$Scope done
Event: 13.065 Loading class jdk/internal/foreign/MemorySessionImpl done

Classes unloaded (0 events):
No events

Classes redefined (0 events):
No events

Internal exceptions (20 events):
Event: 0.202 Thread 0x000002a44ca473d0 Exception <a 'java/lang/NoSuchMethodError'{0x00000000ffd82620}: 'java.lang.Object java.lang.invoke.Invokers$Holder.invokeExact_MT(java.lang.Object, java.lang.Object, java.lang.Object, java.lang.Object, java.lang.Object)'> (0x00000000ffd82620) 
thrown [s\open\src\hotspot\share\interpreter\linkResolver.cpp, line 773]
Event: 0.220 Thread 0x000002a44ca473d0 Exception <a 'java/lang/NoSuchMethodError'{0x00000000ffdb6ae0}: 'int java.lang.invoke.DirectMethodHandle$Holder.invokeStaticInit(java.lang.Object, java.lang.Object)'> (0x00000000ffdb6ae0) 
thrown [s\open\src\hotspot\share\interpreter\linkResolver.cpp, line 773]
Event: 1.160 Thread 0x000002a44ca473d0 Exception <a 'java/lang/NoSuchMethodError'{0x00000000ffb3f958}: 'java.lang.Object java.lang.invoke.DirectMethodHandle$Holder.invokeVirtual(java.lang.Object, java.lang.Object, java.lang.Object)'> (0x00000000ffb3f958) 
thrown [s\open\src\hotspot\share\interpreter\linkResolver.cpp, line 773]
Event: 1.413 Thread 0x000002a44ca473d0 Exception <a 'java/lang/NoSuchMethodError'{0x00000000ff6a6d90}: 'int java.lang.invoke.DirectMethodHandle$Holder.invokeSpecial(java.lang.Object, java.lang.Object, java.lang.Object)'> (0x00000000ff6a6d90) 
thrown [s\open\src\hotspot\share\interpreter\linkResolver.cpp, line 773]
Event: 1.428 Thread 0x000002a44ca473d0 Exception <a 'java/lang/NoSuchMethodError'{0x00000000ff6e5200}: 'void java.lang.invoke.DirectMethodHandle$Holder.invokeStatic(java.lang.Object, java.lang.Object)'> (0x00000000ff6e5200) 
thrown [s\open\src\hotspot\share\interpreter\linkResolver.cpp, line 773]
Event: 1.431 Thread 0x000002a44ca473d0 Implicit null exception at 0x000002a45eca22bc to 0x000002a45eca28f8
Event: 1.513 Thread 0x000002a44ca473d0 Exception <a 'java/lang/NoSuchMethodError'{0x00000000ff4a79c0}: 'java.lang.Object java.lang.invoke.DirectMethodHandle$Holder.invokeStatic(java.lang.Object, java.lang.Object, int)'> (0x00000000ff4a79c0) 
thrown [s\open\src\hotspot\share\interpreter\linkResolver.cpp, line 773]
Event: 1.515 Thread 0x000002a44ca473d0 Exception <a 'java/lang/NoSuchMethodError'{0x00000000ff4b2e40}: 'void java.lang.invoke.DelegatingMethodHandle$Holder.delegate(java.lang.Object, java.lang.Object, int, java.lang.Object)'> (0x00000000ff4b2e40) 
thrown [s\open\src\hotspot\share\interpreter\linkResolver.cpp, line 773]
Event: 1.640 Thread 0x000002a44ca473d0 Exception <a 'java/lang/NoSuchMethodError'{0x00000000ff0b0600}: 'java.lang.Object java.lang.invoke.DirectMethodHandle$Holder.newInvokeSpecial(java.lang.Object, java.lang.Object, java.lang.Object, java.lang.Object, java.lang.Object)'> (0x00000000ff0b0600) 
thrown [s\open\src\hotspot\share\interpreter\linkResolver.cpp, line 773]
Event: 1.659 Thread 0x000002a44ca473d0 Exception <a 'java/lang/NoSuchMethodError'{0x00000000fef415d8}: 'java.lang.Object java.lang.invoke.DirectMethodHandle$Holder.invokeVirtual(java.lang.Object, java.lang.Object, java.lang.Object, java.lang.Object, java.lang.Object, java.lang.Object, java.lang.Object)'> (0x00000000fef415d8) 
thrown [s\open\src\hotspot\share\interpreter\linkResolver.cpp, line 773]
Event: 1.670 Thread 0x000002a44ca473d0 Exception <a 'java/lang/NoSuchMethodError'{0x00000000fef85608}: 'java.lang.Object java.lang.invoke.DirectMethodHandle$Holder.invokeVirtual(java.lang.Object, java.lang.Object, java.lang.Object, java.lang.Object)'> (0x00000000fef85608) 
thrown [s\open\src\hotspot\share\interpreter\linkResolver.cpp, line 773]
Event: 1.689 Thread 0x000002a44ca473d0 Exception <a 'java/lang/NoSuchMethodError'{0x00000000fee54588}: 'void java.lang.invoke.DirectMethodHandle$Holder.invokeSpecial(java.lang.Object, java.lang.Object, java.lang.Object)'> (0x00000000fee54588) 
thrown [s\open\src\hotspot\share\interpreter\linkResolver.cpp, line 773]
Event: 1.817 Thread 0x000002a44ca473d0 Exception <a 'java/lang/NoSuchMethodError'{0x00000000feb06428}: 'java.lang.Object java.lang.invoke.DirectMethodHandle$Holder.invokeVirtual(java.lang.Object, java.lang.Object, java.lang.Object, java.lang.Object, java.lang.Object)'> (0x00000000feb06428) 
thrown [s\open\src\hotspot\share\interpreter\linkResolver.cpp, line 773]
Event: 1.821 Thread 0x000002a44ca473d0 Exception <a 'java/lang/NoSuchMethodError'{0x00000000feb18e20}: 'java.lang.Object java.lang.invoke.Invokers$Holder.invokeExact_MT(java.lang.Object, java.lang.Object, java.lang.Object, java.lang.Object, java.lang.Object, java.lang.Object)'> (0x00000000feb18e20) 
thrown [s\open\src\hotspot\share\interpreter\linkResolver.cpp, line 773]
Event: 1.927 Thread 0x000002a44ca473d0 Exception <a 'java/lang/NoSuchMethodError'{0x00000000fe923e60}: 'java.lang.Object java.lang.invoke.DirectMethodHandle$Holder.invokeVirtual(java.lang.Object, java.lang.Object, java.lang.Object, java.lang.Object, java.lang.Object, java.lang.Object, java.lang.Object, java.lang.Object, java.lang.Object)'> (0x00000000fe923e60) 
thrown [s\open\src\hotspot\share\interpreter\linkResolver.cpp, line 773]
Event: 2.018 Thread 0x000002a44ca473d0 Exception <a 'java/lang/NoSuchMethodError'{0x00000000fe45ff88}: 'java.lang.Object java.lang.invoke.DirectMethodHandle$Holder.invokeVirtual(java.lang.Object, java.lang.Object, java.lang.Object, java.lang.Object, java.lang.Object, java.lang.Object, java.lang.Object, java.lang.Object)'> (0x00000000fe45ff88) 
thrown [s\open\src\hotspot\share\interpreter\linkResolver.cpp, line 773]
Event: 2.082 Thread 0x000002a44ca473d0 Exception <a 'java/lang/NoSuchMethodError'{0x00000000fe3297b8}: 'java.lang.Object java.lang.invoke.DirectMethodHandle$Holder.invokeStaticInit(java.lang.Object, int, int, int, int)'> (0x00000000fe3297b8) 
thrown [s\open\src\hotspot\share\interpreter\linkResolver.cpp, line 773]
Event: 2.277 Thread 0x000002a44ca473d0 Exception <a 'java/lang/NoSuchMethodError'{0x00000000fe3ebe68}: 'java.lang.Object java.lang.invoke.DirectMethodHandle$Holder.invokeStaticInit(java.lang.Object, java.lang.Object, int, int, int, int)'> (0x00000000fe3ebe68) 
thrown [s\open\src\hotspot\share\interpreter\linkResolver.cpp, line 773]
Event: 2.307 Thread 0x000002a44ca473d0 Implicit null exception at 0x000002a45ec8bda0 to 0x000002a45ec8c33c
Event: 2.311 Thread 0x000002a44ca473d0 Exception <a 'java/lang/NoSuchMethodError'{0x00000000fe2be6d0}: 'void java.lang.invoke.DirectMethodHandle$Holder.invokeInterface(java.lang.Object, java.lang.Object, java.lang.Object)'> (0x00000000fe2be6d0) 
thrown [s\open\src\hotspot\share\interpreter\linkResolver.cpp, line 773]

ZGC Phase Switch (0 events):
No events

VM Operations (20 events):
Event: 1177.171 Executing VM operation: Cleanup done
Event: 1585.392 Executing VM operation: Cleanup
Event: 1585.392 Executing VM operation: Cleanup done
Event: 1753.847 Executing VM operation: Cleanup
Event: 1753.849 Executing VM operation: Cleanup done
Event: 13153.180 Executing VM operation: Cleanup
Event: 13153.181 Executing VM operation: Cleanup done
Event: 13154.188 Executing VM operation: Cleanup
Event: 13154.188 Executing VM operation: Cleanup done
Event: 13155.193 Executing VM operation: Cleanup
Event: 13155.207 Executing VM operation: Cleanup done
Event: 13157.640 Executing VM operation: G1CollectForAllocation (G1 Evacuation Pause)
Event: 13157.705 Executing VM operation: G1CollectForAllocation (G1 Evacuation Pause) done
Event: 13158.711 Executing VM operation: Cleanup
Event: 13158.711 Executing VM operation: Cleanup done
Event: 13161.729 Executing VM operation: Cleanup
Event: 13161.729 Executing VM operation: Cleanup done
Event: 13161.733 Executing VM operation: G1CollectForAllocation (G1 Evacuation Pause)
Event: 13162.655 Executing VM operation: G1CollectForAllocation (G1 Evacuation Pause) done
Event: 13162.784 Executing VM operation: G1CollectForAllocation (G1 Evacuation Pause)

Events (18 events):
Event: 0.043 Thread 0x000002a44ca473d0 Thread added: 0x000002a44ca473d0
Event: 0.067 Thread 0x000002a468f427a0 Thread added: 0x000002a468f427a0
Event: 0.068 Thread 0x000002a44ed9d990 Thread added: 0x000002a44ed9d990
Event: 0.068 Thread 0x000002a468f4a610 Thread added: 0x000002a468f4a610
Event: 0.068 Thread 0x000002a468f4cf00 Thread added: 0x000002a468f4cf00
Event: 0.068 Thread 0x000002a468f4e280 Thread added: 0x000002a468f4e280
Event: 0.068 Thread 0x000002a468f5aa30 Thread added: 0x000002a468f5aa30
Event: 0.069 Thread 0x000002a468f61b50 Thread added: 0x000002a468f61b50
Event: 0.069 Thread 0x000002a468f638d0 Thread added: 0x000002a468f638d0
Event: 0.110 Thread 0x000002a469198580 Thread added: 0x000002a469198580
Event: 0.203 Thread 0x000002a469197860 Thread added: 0x000002a469197860
Event: 0.698 Thread 0x000002a4694544d0 Thread added: 0x000002a4694544d0
Event: 0.712 Thread 0x000002a4695ab330 Thread added: 0x000002a4695ab330
Event: 1.521 Thread 0x000002a4695ab330 Thread exited: 0x000002a4695ab330
Event: 1.586 Thread 0x000002a469196b40 Thread added: 0x000002a469196b40
Event: 2.280 Thread 0x000002a4694544d0 Thread exited: 0x000002a4694544d0
Event: 2.377 Thread 0x000002a46e51a2d0 Thread added: 0x000002a46e51a2d0
Event: 2.653 Thread 0x000002a46e51a2d0 Thread exited: 0x000002a46e51a2d0


Dynamic libraries:
0x00007ff601460000 - 0x00007ff601470000 	C:\Program Files\Java\jdk-21\bin\java.exe
0x00007ffbe3420000 - 0x00007ffbe3688000 	C:\WINDOWS\SYSTEM32\ntdll.dll
0x00007ffbe2d00000 - 0x00007ffbe2dc9000 	C:\WINDOWS\System32\KERNEL32.DLL
0x00007ffbe0a90000 - 0x00007ffbe0e82000 	C:\WINDOWS\System32\KERNELBASE.dll
0x00007ffbe0f20000 - 0x00007ffbe106b000 	C:\WINDOWS\System32\ucrtbase.dll
0x00007ffbb0fc0000 - 0x00007ffbb0fd9000 	C:\Program Files\Java\jdk-21\bin\jli.dll
0x00007ffbad800000 - 0x00007ffbad81b000 	C:\Program Files\Java\jdk-21\bin\VCRUNTIME140.dll
0x00007ffbe1bc0000 - 0x00007ffbe1c74000 	C:\WINDOWS\System32\ADVAPI32.dll
0x00007ffbe1270000 - 0x00007ffbe1319000 	C:\WINDOWS\System32\msvcrt.dll
0x00007ffbe2f30000 - 0x00007ffbe2fd6000 	C:\WINDOWS\System32\sechost.dll
0x00007ffbe2fe0000 - 0x00007ffbe30f8000 	C:\WINDOWS\System32\RPCRT4.dll
0x00007ffbe1480000 - 0x00007ffbe1645000 	C:\WINDOWS\System32\USER32.dll
0x00007ffbe0a60000 - 0x00007ffbe0a87000 	C:\WINDOWS\System32\win32u.dll
0x00007ffbd3aa0000 - 0x00007ffbd3d33000 	C:\WINDOWS\WinSxS\amd64_microsoft.windows.common-controls_6595b64144ccf1df_6.0.26100.6899_none_3e0efeeae32e88c1\COMCTL32.dll
0x00007ffbe1c80000 - 0x00007ffbe1cab000 	C:\WINDOWS\System32\GDI32.dll
0x00007ffbe0930000 - 0x00007ffbe0a5d000 	C:\WINDOWS\System32\gdi32full.dll
0x00007ffbe0710000 - 0x00007ffbe07b3000 	C:\WINDOWS\System32\msvcp_win.dll
0x00007ffbdb400000 - 0x00007ffbdb40b000 	C:\WINDOWS\SYSTEM32\VERSION.dll
0x00007ffbe2210000 - 0x00007ffbe223f000 	C:\WINDOWS\System32\IMM32.DLL
0x00007ffbb8310000 - 0x00007ffbb831c000 	C:\Program Files\Java\jdk-21\bin\vcruntime140_1.dll
0x00007ffb670b0000 - 0x00007ffb6713e000 	C:\Program Files\Java\jdk-21\bin\msvcp140.dll
0x00007ffb4eab0000 - 0x00007ffb4f7cd000 	C:\Program Files\Java\jdk-21\bin\server\jvm.dll
0x00007ffbe11f0000 - 0x00007ffbe1264000 	C:\WINDOWS\System32\WS2_32.dll
0x00007ffbe0410000 - 0x00007ffbe046e000 	C:\WINDOWS\SYSTEM32\POWRPROF.dll
0x00007ffbd3d40000 - 0x00007ffbd3d75000 	C:\WINDOWS\SYSTEM32\WINMM.dll
0x00007ffbe03f0000 - 0x00007ffbe0404000 	C:\WINDOWS\SYSTEM32\UMPDC.dll
0x00007ffbdf320000 - 0x00007ffbdf33b000 	C:\WINDOWS\SYSTEM32\kernel.appcore.dll
0x00007ffbb58d0000 - 0x00007ffbb58da000 	C:\Program Files\Java\jdk-21\bin\jimage.dll
0x00007ffbd8c20000 - 0x00007ffbd8e62000 	C:\WINDOWS\SYSTEM32\DBGHELP.DLL
0x00007ffbe1840000 - 0x00007ffbe1bbb000 	C:\WINDOWS\System32\combase.dll
0x00007ffbe1650000 - 0x00007ffbe1727000 	C:\WINDOWS\System32\OLEAUT32.dll
0x00007ffbd2c40000 - 0x00007ffbd2c7c000 	C:\WINDOWS\SYSTEM32\dbgcore.DLL
0x00007ffbe0670000 - 0x00007ffbe0708000 	C:\WINDOWS\System32\bcryptPrimitives.dll
0x00007ffbb5470000 - 0x00007ffbb547f000 	C:\Program Files\Java\jdk-21\bin\instrument.dll
0x00007ffbad7e0000 - 0x00007ffbad7ff000 	C:\Program Files\Java\jdk-21\bin\java.dll
0x00007ffbe2430000 - 0x00007ffbe2b7d000 	C:\WINDOWS\System32\SHELL32.dll
0x00007ffbe07c0000 - 0x00007ffbe092b000 	C:\WINDOWS\System32\wintypes.dll
0x00007ffbde1f0000 - 0x00007ffbdea4d000 	C:\WINDOWS\SYSTEM32\windows.storage.dll
0x00007ffbe2c00000 - 0x00007ffbe2cf2000 	C:\WINDOWS\System32\SHCORE.dll
0x00007ffbe1330000 - 0x00007ffbe1392000 	C:\WINDOWS\System32\shlwapi.dll
0x00007ffbe04d0000 - 0x00007ffbe04f9000 	C:\WINDOWS\SYSTEM32\profapi.dll
0x00007ffb64be0000 - 0x00007ffb64cb7000 	C:\Program Files\Java\jdk-21\bin\jsvml.dll
0x00007ffbaccc0000 - 0x00007ffbaccd8000 	C:\Program Files\Java\jdk-21\bin\zip.dll
0x00007ffbb4c20000 - 0x00007ffbb4c30000 	C:\Program Files\Java\jdk-21\bin\net.dll
0x00007ffbda910000 - 0x00007ffbdaa2f000 	C:\WINDOWS\SYSTEM32\WINHTTP.dll
0x00007ffbdf8f0000 - 0x00007ffbdf95b000 	C:\WINDOWS\system32\mswsock.dll
0x00007ffbaa9a0000 - 0x00007ffbaa9b6000 	C:\Program Files\Java\jdk-21\bin\nio.dll
0x00007ffbb3b60000 - 0x00007ffbb3b6a000 	C:\Program Files\Java\jdk-21\bin\management.dll
0x00007ffbb1530000 - 0x00007ffbb153b000 	C:\Program Files\Java\jdk-21\bin\management_ext.dll
0x00007ffbe1320000 - 0x00007ffbe1328000 	C:\WINDOWS\System32\PSAPI.DLL
0x00007ffbb4490000 - 0x00007ffbb44a0000 	C:\Program Files\Java\jdk-21\bin\verify.dll
0x00007ffbca720000 - 0x00007ffbca747000 	C:\Users\Daniela\.gradle\native\1def1411415f61bf3af743bc5b6707747c0891f09f0c88961ee8f79bc544acac\windows-amd64\native-platform.dll
0x00007ffbdab40000 - 0x00007ffbdab4a000 	C:\Users\Daniela\.gradle\native\jansi\1.18\windows64\jansi.dll
0x00007ffbded60000 - 0x00007ffbded94000 	C:\WINDOWS\SYSTEM32\IPHLPAPI.DLL
0x00007ffbe1d40000 - 0x00007ffbe1d4a000 	C:\WINDOWS\System32\NSI.dll
0x00007ffbb0fb0000 - 0x00007ffbb0fb9000 	C:\Program Files\Java\jdk-21\bin\extnet.dll
0x00007ffbdfba0000 - 0x00007ffbdfbbb000 	C:\WINDOWS\SYSTEM32\CRYPTSP.dll
0x00007ffbdf2e0000 - 0x00007ffbdf31b000 	C:\WINDOWS\system32\rsaenh.dll
0x00007ffbdf990000 - 0x00007ffbdf9bb000 	C:\WINDOWS\SYSTEM32\USERENV.dll
0x00007ffbe04a0000 - 0x00007ffbe04c6000 	C:\WINDOWS\SYSTEM32\bcrypt.dll
0x00007ffbdfbc0000 - 0x00007ffbdfbcc000 	C:\WINDOWS\SYSTEM32\CRYPTBASE.dll
0x00007ffbb0ef0000 - 0x00007ffbb0efe000 	C:\Program Files\Java\jdk-21\bin\sunmscapi.dll
0x00007ffbe1070000 - 0x00007ffbe11e7000 	C:\WINDOWS\System32\CRYPT32.dll
0x00007ffbdfdc0000 - 0x00007ffbdfdf0000 	C:\WINDOWS\SYSTEM32\ncrypt.dll
0x00007ffbdfd70000 - 0x00007ffbdfdaf000 	C:\WINDOWS\SYSTEM32\NTASN1.dll
0x00007ffbc2af0000 - 0x00007ffbc2af8000 	C:\WINDOWS\system32\wshunix.dll

dbghelp: loaded successfully - version: 4.0.5 - missing functions: none
symbol engine: initialized successfully - sym options: 0x614 - pdb path: .;C:\Program Files\Java\jdk-21\bin;C:\WINDOWS\SYSTEM32;C:\WINDOWS\WinSxS\amd64_microsoft.windows.common-controls_6595b64144ccf1df_6.0.26100.6899_none_3e0efeeae32e88c1;C:\Program Files\Java\jdk-21\bin\server;C:\Users\Daniela\.gradle\native\1def1411415f61bf3af743bc5b6707747c0891f09f0c88961ee8f79bc544acac\windows-amd64;C:\Users\Daniela\.gradle\native\jansi\1.18\windows64

VM Arguments:
jvm_args: -Xmx64m -Xms64m -javaagent:C:\Program Files\gradle-9.1.0/lib/agents/gradle-instrumentation-agent-9.1.0.jar -Dorg.gradle.appname=gradle 
java_command: C:\Program Files\gradle-9.1.0\lib\gradle-gradle-cli-main-9.1.0.jar bootRun
java_class_path (initial): C:\Program Files\gradle-9.1.0\lib\gradle-gradle-cli-main-9.1.0.jar
Launcher Type: SUN_STANDARD

[Global flags]
     intx CICompilerCount                          = 4                                         {product} {ergonomic}
     uint ConcGCThreads                            = 2                                         {product} {ergonomic}
     uint G1ConcRefinementThreads                  = 8                                         {product} {ergonomic}
   size_t G1HeapRegionSize                         = 1048576                                   {product} {ergonomic}
    uintx GCDrainStackTargetSize                   = 64                                        {product} {ergonomic}
   size_t InitialHeapSize                          = 67108864                                  {product} {command line}
   size_t MarkStackSize                            = 4194304                                   {product} {ergonomic}
   size_t MaxHeapSize                              = 67108864                                  {product} {command line}
   size_t MaxNewSize                               = 39845888                                  {product} {ergonomic}
   size_t MinHeapDeltaBytes                        = 1048576                                   {product} {ergonomic}
   size_t MinHeapSize                              = 67108864                                  {product} {command line}
    uintx NonNMethodCodeHeapSize                   = 5839372                                {pd product} {ergonomic}
    uintx NonProfiledCodeHeapSize                  = 122909434                              {pd product} {ergonomic}
    uintx ProfiledCodeHeapSize                     = 122909434                              {pd product} {ergonomic}
    uintx ReservedCodeCacheSize                    = 251658240                              {pd product} {ergonomic}
     bool SegmentedCodeCache                       = true                                      {product} {ergonomic}
   size_t SoftMaxHeapSize                          = 67108864                               {manageable} {ergonomic}
     bool UseCompressedOops                        = true                           {product lp64_product} {ergonomic}
     bool UseG1GC                                  = true                                      {product} {ergonomic}
     bool UseLargePagesIndividualAllocation        = false                                  {pd product} {ergonomic}

Logging:
Log output configuration:
 #0: stdout all=warning uptime,level,tags foldmultilines=false
 #1: stderr all=off uptime,level,tags foldmultilines=false

Environment Variables:
JAVA_HOME=C:\Program Files\Java\jdk-21
PATH=C:\Program Files\Common Files\Oracle\Java\javapath;C:\WINDOWS\system32;C:\WINDOWS;C:\WINDOWS\System32\Wbem;C:\WINDOWS\System32\WindowsPowerShell\v1.0\;C:\WINDOWS\System32\OpenSSH\;C:\Program Files\Git\cmd;C:\Program Files\nodejs\;C:\Program Files\Go\bin;C:\Program Files\gradle-9.1.0\bin;C:\Program Files\Docker\Docker\resources\bin;C:\ProgramData\chocolatey\bin;C:\Program Files (x86)\NetSarang\Xshell 8\;C:\Program Files\PuTTY\;C:\Program Files (x86)\NetSarang\Xftp 8\;C:\Program Files\MySQL\MySQL Shell 8.0\bin\;C:\Users\Daniela\AppData\Local\Microsoft\WindowsApps;C:\Users\Daniela\AppData\Local\Programs\Microsoft VS Code\bin;C:\Users\Daniela\AppData\Roaming\npm;C:\Program Files\Oracle\VirtualBox;C:\Users\Daniela\Downloads\openjdk-24.0.2_windows-x64_bin\jdk-24.0.2\bin;C:\Program Files\MongoDB\Server\8.0\bin;C:\Program Files\MongoDB\mongosh-2.5.7-win32-x64\bin;C:\Program Files\apache-maven-3.9.11-bin\apache-maven-3.9.11\bin;C:\Users\Daniela\go\bin;;C:\tools\mysql\current\bin
USERNAME=Daniela
OS=Windows_NT
PROCESSOR_IDENTIFIER=AMD64 Family 23 Model 104 Stepping 1, AuthenticAMD
TMP=C:\Users\Daniela\AppData\Local\Temp
TEMP=C:\Users\Daniela\AppData\Local\Temp




Periodic native trim disabled

---------------  S Y S T E M  ---------------

OS:
 Windows 11 , 64 bit Build 26100 (10.0.26100.6725)
OS uptime: 0 days 16:09 hours
Hyper-V role detected

CPU: total 8 (initial active 8) (8 cores per cpu, 2 threads per core) family 23 model 104 stepping 1 microcode 0x8608103, cx8, cmov, fxsr, ht, mmx, 3dnowpref, sse, sse2, sse3, ssse3, sse4a, sse4.1, sse4.2, popcnt, lzcnt, tsc, tscinvbit, avx, avx2, aes, clmul, bmi1, bmi2, adx, sha, fma, vzeroupper, clflush, clflushopt, hv, rdtscp, rdpid, f16c
Processor Information for all 8 processors :
  Max Mhz: 2600, Current Mhz: 2600, Mhz Limit: 2600

Memory: 4k page, system-wide physical 6005M (159M free)
TotalPageFile size 24437M (AvailPageFile size 11M)
current process WorkingSet (physical memory assigned to process): 71M, peak: 109M
current process commit charge ("private bytes"): 179M, peak: 191M

vm_info: Java HotSpot(TM) 64-Bit Server VM (21.0.8+12-LTS-250) for windows-amd64 JRE (21.0.8+12-LTS-250), built on 2025-06-27T08:11:22Z by "mach5one" with MS VC++ 17.6 (VS2022)

END.
